	;ROUTINE DE MASQUAGE A INTêGRER EN GFA
	;+2=ADRESSE ECRAN
	;+8=MOT A ADDITIONNER POUR ARRIVER A LA LIGNE SUIVANTE
	;+12=HAUTEUR-1
	;+16=(LONGUEUR-1 AND $FFF0)/16
	LEA	$12345678,A0
	MOVE.W	#$1234,D5
	MOVE.W	#$1234,D6
TAKE_Y	MOVE.W	#$1234,D7
TAKE_X	MOVE.L	(A0)+,D0
	MOVE.L	(A0)+,D1
	OR.L	D0,D1
	MOVE.L	D1,D2
	SWAP	D1
	OR.L	D1,D2
	DBRA	D7,TAKE_X
	ADDA.W	D5,A0
	DBRA	D6,TAKE_Y
	RTS

;DATA $41F9,$1234,$5678,$3A3C,$1234,$3C3C,$1234
;DATA $3E3C,$1234,$2018,$2218,$8280,$2401,$4841
;DATA $8481,$51CF,$FFF2,$D0C5,$51CE,$FFE8,$4E75
