' AUTEUR: David EXCOFFIER
' GFA-PUNCH ST MAGAZINE
' *** SCROLLING REDEFINISSABLE GRACE AUX FONCTIONS MATHEMATIQUES ***
' TOUS GFA, TOUTES RESOLUTIONS
CLS
t$="EXCOFFIER DAVID"
t$=t$+" "
l=LEN(t$)
DIM x(l),y(l)
REPEAT
  a$=INKEY$
  PAUSE 2 !C'EST POUR RALENTIR, SINON CA VA TROP VITE
  i=i+0.1 !ESPACEMENT ENTRE CHAQUE LETTRES
  x(1)=310+COS(i)*170 !FONCTION DE DEPLACEMENT DES LETTRES SUR L'AXE DES X
  y(1)=100+SIN(ABS(TAN(COS(i))+i)-COS(5)-3)*25 !IDEM SUR L'AXE DES Y
  FOR k=1 TO l
    TEXT x(k),y(k),MID$(t$,k,1) !ON ATTRIBUE A CHAQUE LETTRE UNE POSITION
  NEXT k
  FOR k=l DOWNTO 2
    x(k)=x(k-1) !CHAQUE LETTRE EST REMPLACEE PAR LA SUIVANTE
    y(k)=y(k-1) !SUR L'AXE DES X ET Y
  NEXT k
UNTIL a$<>"" !ET ON RECOMMENCE!
