'
' hangar
'
Data 46,23
'
Data -20,10,20,20,10,20,20,-10,20,-20,-10,20,-20,5,20,20,5,20,20,-5,20,-20,-5,20
Data -20,5,25,20,5,25,20,-5,25,-20,-5,25
Data -30,-20,20,-40,0,20,-30,20,20,30,20,20,40,0,20,30,-20,20
Data -30,-20,-70,-40,0,-70,-30,20,-70,30,20,-70,40,0,-70,30,-20,-70
Data -20,-20,-20,20,-20,-20,20,-20,-60,-20,-20,-60,-4,20,-20,4,20,-20,4,20,-60,-4,20,-60
Data 32.5,15,-20,35,10,-20,35,10,-60,32.5,15,-60
Data -32.5,15,-20,-35,10,-20,-35,10,-60,-32.5,15,-60
Data -10,0,-70,10,0,-70,15,-20,-70,-15,-20,-70,0,0,-70,0,-20,-70
'
'
Data &784,0,8,11,3,&784,10,9,1,2
Data &784,4,5,&89,&88,&784,&8b,&8a,6,7
Data 3,13,0,3,3,16,2,1
Data 6,13,14,15,16,1,0,6,12,13,3,2,16,17
Data &584,&80,&81,&85,&84,&584,&87,&86,&82,&83
Data 4,13,19,20,14,4,19,13,12,18
Data 4,16,15,21,22,4,16,22,23,17
Data 4,12,17,23,18,4,20,21,15,14
Data 6,22,21,20,19,18,23
Data &184,39,36,37,38,&184,32,35,34,33
Data &184,30,29,28,31,&484,&98,&99,&9a,&9b
Data &484,&ab,&aa,&a9,&a8
Data &84,44,45,&ad,&ac
'
'
