'
' navette
'
Data 30,11
'
Data 0,0,10,10,0,0,20,0,0,30,0,10,30,0,30,0,0,30
Data 10,10,30,20,10,30,20,10,10,10,10,10
Data 17.5,10,15,12.5,10,15,12.5,10,17.5,10,10,17.5,10,10,22.5,12.5,10,22.5
Data 12.5,10,25,17.5,10,25,17.5,10,22.5,20,10,22.5,20,10,17.5,17.5,10,17.5
Data 16.5,6.5,6.5,13.5,6.5,6.5,12.5,7.5,7.5,17.5,7.5,7.5
Data 15,7.5,30,10,5,30,15,2.5,30,20,5,30
'
Data 4,1,9,8,2
Data 3,0,9,1
Data 3,2,8,3
Data 4,6,7,8,9
Data 4,6,5,4,7
Data 4,8,7,132,131
Data 4,133,6,9,128
Data 6,133,128,1,2,131,132
Data &48c,10,11,12,13,14,15,16,17,18,19,20,21
Data &184,23,24,25,22
Data &a84,26,27,28,29
'
