' sygma force
Data 24,14
'
Data -20,20,-20,20,20,-20,20,10,-20,-5,10,-20,5,0,-20
Data -5,-10,-20,20,-10,-20,20,-20,-20,-20,-20,-20
Data -20,-10,-20,-10,0,-20,-20,10,-20
Data -20,20,20,20,20,20,20,10,20,-5,10,20,5,0,20
Data -5,-10,20,20,-10,20,20,-20,20,-20,-20,20
Data -20,-10,20,-10,0,20,-20,10,20
'
'
Data 4,6,5,17,18
Data 4,3,2,14,15
Data 4,5,4,16,17
Data 4,4,3,15,16
Data 4,11,10,22,23
Data 4,10,9,21,22
Data 4,2,1,13,14,4,7,6,18,19
Data 4,12,0,11,23,4,9,8,20,21
Data 4,1,0,12,13
Data 4,8,7,19,20
Data 12,128,129,2,3,132,5,6,135,136,9,138,11
Data 12,14,141,140,23,150,21,148,147,18,17,144,15
'
'
