HIDEM
CLS
FOR a=0 TO 15
  SETCOLOR a,&H777
NEXT a
DIM f$(20)
DIM ni%(10),nm%(54)
DIM p$(8),c$(10),b$(3)
DIM x(10),cx(10),a(10)
b$="CFMLB"
DO
  READ a$
  IF a$="FIN"
    GOTO juju
  ENDIF
  c=INSTR(b$,a$)
  IF c=0
    READ y
    x=VAL(a$)
    PLOT x,y
  ENDIF
  ON c GOSUB couleur,fill,cercle,line,box
LOOP
PROCEDURE couleur
  READ c
  COLOR c
  DEFFILL c
RETURN
PROCEDURE fill
  READ x,y
  FILL x,y
RETURN
PROCEDURE cercle
  READ x,y,r
  CIRCLE x,y,r
RETURN
PROCEDURE line
  READ x,y,x1,y1
  LINE x,y,x1,y1
RETURN
PROCEDURE box
  READ x,y,x1,y1
  BOX x,y,x1,y1
RETURN
DATA B,22,22,110,50,F,40,40,C,13,B,30,30,36,43,B
DATA 39,30,45,43,B,48,30,54,43,B,57
DATA 30,63,43,B,66,30,72,43,B,75,30
DATA 81,43,B,84,30,90,43,B,93,30,99,43
DATA C,8,F,31,31,C,9,F,41,31,C,10,F,50,31,C
DATA 11,F,59,31,C,14,F,69,31,C,5,F,77,31
DATA C,3,F,86,31,C,4,F,95,31
DATA C,12,L,31,42,34,42,L,40,42,43,42,L
DATA 49,42,52,42,L,58,42,61,42,L,67,42,70,42
DATA L,76,42,79,42,L,85,42,88,42,L,94,42,97,42
DATA L,31,38,31,41,L,40,38,40,42,L,49,38,49,42
DATA L,58,38,58,42,L,67,38,67,42,L,76
DATA 38,76,42,L,85,38,85,42,L,94,38,94,42
DATA C,8,L,60,60,60,64,C,9,L,61,60,61,64,C,10
DATA L,62,60,62,64,C,11,L,63,60,63,64
DATA C,14,L,64,60,64,64
DATA C,16,L,100,100,108,100,L,101,101,107,101
DATA L,102,102,106,102,L,103,103,105
DATA 103,104,104,104,104,C,15,L,100,101,100,108
DATA L,101,102,101,107,L,102,103,102
DATA 106,L,103,104,103,105
DATA C,13,L,104,105,104,105,L,103,106,105,106
DATA L,102,107,106,107,L,101,108,107
DATA 108,L,100,109,108,109
DATA C,16,B,10,100,50,150,F,15,105,C,6
DATA M,25,115,13,C,13,F,30,117,C,1,M,25,115,12
DATA C,6,22,107,21,107,20,107,19,108,20,108
DATA 21,108,22,108,18,109,19,109,20,109
DATA 21,109,17,110,18,110,19,110,20,110
DATA 17,111,18,111,19,111,16,112,17,112,18
DATA 112,16,113,17,113,16,114,17,114,16
DATA 115,17,115,17,116,17,117,18,117,18,118
DATA 19,118,19,119,20,119
DATA C,2,M,22,140,7,C,2,M,22,140,6,C,2,M,22
DATA 140,5,C,9,M,22,140,4,C,10,M,22,140
DATA 3,C,11,M,22,140,2,C,12,M,22,140,1
DATA FIN
juju:
GET 15,134,30,146,pb$
GET 11,102,39,128,b0$
GET 60,60,64,64,d1$
GET 100,100,108,109,d0$
GET 30,28,36,43,p$(0)
GET 39,28,45,43,p$(1)
GET 48,28,54,43,p$(2)
GET 57,28,63,43,p$(3)
GET 66,28,72,43,p$(4)
GET 75,28,81,43,p$(5)
GET 84,28,90,43,p$(6)
GET 93,28,99,43,p$(7)
CLS
FOR a=1 TO 15
  READ b
  SETCOLOR a,b
NEXT a
DATA 819,6,1911,7,262,517,772,1027,1282,1537,1792,883,546,1092,0
FOR i=7 TO 0 STEP -1
  SETCOLOR 0,i,i,i
  VSYNC
  VSYNC
  VSYNC
  VSYNC
  VSYNC
  VSYNC
NEXT i
GRAPHMODE 2
SETCOLOR 1,0
SETCOLOR 2,0
a$="BUBBLE ESCAPE"
FOR i=1 TO LEN(a$)
  GRAPHMODE 1
  DEFTEXT 3,0,0,26
  TEXT i*18,30,MID$(a$,i,1)
  GRAPHMODE 2
  DEFTEXT 2,16,0,26
  TEXT i*18,30,MID$(a$,i,1)
  GET i*18,0,i*18+18,31,f$(i)
  VSYNC
NEXT i
CLS
SETCOLOR 1,546
SETCOLOR 2,262
FOR x%=1 TO LEN(a$)
  FOR y%=199 TO 10 STEP -10
    PUT 25+x%*18,y%,f$(x%),6
    VSYNC
    PUT 25+x%*18,y%,f$(x%),6
  NEXT y%
  PUT 25+x%*18,10,f$(x%)
  b$=MID$(a$,x%,1)
  IF b$<>""
    SOUND 1,16,#300+ASC(b$)/10
    SOUND 2,16,#302+ASC(b$)/10
    SOUND 3,16,#304+ASC(b$)/10
    WAVE 7,7,4,5000
  ENDIF
NEXT x%
SETCOLOR 4,&H444
DEFTEXT 4,1,0,6
