b%=76
DO
  VSETCOLOR 0,0,0,0
  VSETCOLOR 0,0,0,0
  VSETCOLOR 0,0,0,0
  VSETCOLOR 0,2,0,0
  VSETCOLOR 0,2,1,1
  VSETCOLOR 0,3,2,2
  VSETCOLOR 0,4,3,3
  VSETCOLOR 0,5,4,4
  VSETCOLOR 0,6,5,5
  VSETCOLOR 0,6,6,7
  VSETCOLOR 0,5,5,6
  VSETCOLOR 0,4,4,5
  VSETCOLOR 0,3,3,4
  VSETCOLOR 0,2,2,3
  VSETCOLOR 0,1,1,2
  VSETCOLOR 0,0,0,0
  VSETCOLOR 0,0,0,0
  VSETCOLOR 0,0,0,0
  FOR a%=0 TO b%
  NEXT a%
  IF MOUSEK=1
    INC b%
  ENDIF
  IF MOUSEK=2
    DEC b%
  ENDIF
  IF INKEY$=" "
    PRINT b%
  ENDIF
LOOP
